# JRE version: OpenJDK Runtime Environment (8.0_282-b08) (build 1.8.0_282-b08)
# Java VM: OpenJDK 64-Bit Server VM (25.282-b08 mixed mode windows-amd64 compressed oops)
Heap:
 PSYoungGen      total 121344K, used 8555K [0x00000000f5580000, 0x0000000100000000, 0x0000000100000000)
  eden space 71168K, 10% used [0x00000000f5580000,0x00000000f5c91eb8,0x00000000f9b00000)
  from space 50176K, 2% used [0x00000000fcf00000,0x00000000fd048dd8,0x0000000100000000)
  to   space 51712K, 0% used [0x00000000f9b00000,0x00000000f9b00000,0x00000000fcd80000)
 ParOldGen       total 193024K, used 112069K [0x00000000e0000000, 0x00000000ebc80000, 0x00000000f5580000)
  object space 193024K, 58% used [0x00000000e0000000,0x00000000e6d716b0,0x00000000ebc80000)
 Metaspace       used 87795K, capacity 93806K, committed 93824K, reserved 1130496K
  class space    used 11884K, capacity 13183K, committed 13184K, reserved 1048576K
GC Heap History (10 events):
Event: 66.880 GC heap before
{Heap before GC invocations=23 (full 3):
 PSYoungGen      total 131584K, used 131311K [0x00000000f5580000, 0x0000000100000000, 0x0000000100000000)
  eden space 102912K, 100% used [0x00000000f5580000,0x00000000fba00000,0x00000000fba00000)
  from space 28672K, 99% used [0x00000000fba00000,0x00000000fd5bbdd0,0x00000000fd600000)
  to   space 38400K, 0% used [0x00000000fda80000,0x00000000fda80000,0x0000000100000000)
 ParOldGen       total 193024K, used 85842K [0x00000000e0000000, 0x00000000ebc80000, 0x00000000f5580000)
  object space 193024K, 44% used [0x00000000e0000000,0x00000000e53d49b0,0x00000000ebc80000)
 Metaspace       used 81715K, capacity 87106K, committed 87424K, reserved 1124352K
  class space    used 11094K, capacity 12313K, committed 12416K, reserved 1048576K
Event: 66.937 GC heap after
Heap after GC invocations=23 (full 3):
 PSYoungGen      total 128000K, used 35352K [0x00000000f5580000, 0x0000000100000000, 0x0000000100000000)
  eden space 89600K, 0% used [0x00000000f5580000,0x00000000f5580000,0x00000000fad00000)
  from space 38400K, 92% used [0x00000000fda80000,0x00000000ffd063e0,0x0000000100000000)
  to   space 42496K, 0% used [0x00000000fad00000,0x00000000fad00000,0x00000000fd680000)
 ParOldGen       total 193024K, used 85850K [0x00000000e0000000, 0x00000000ebc80000, 0x00000000f5580000)
  object space 193024K, 44% used [0x00000000e0000000,0x00000000e53d69b0,0x00000000ebc80000)
 Metaspace       used 81715K, capacity 87106K, committed 87424K, reserved 1124352K
  class space    used 11094K, capacity 12313K, committed 12416K, reserved 1048576K
}
Event: 68.885 GC heap before
{Heap before GC invocations=24 (full 3):
 PSYoungGen      total 128000K, used 124952K [0x00000000f5580000, 0x0000000100000000, 0x0000000100000000)
  eden space 89600K, 100% used [0x00000000f5580000,0x00000000fad00000,0x00000000fad00000)
  from space 38400K, 92% used [0x00000000fda80000,0x00000000ffd063e0,0x0000000100000000)
  to   space 42496K, 0% used [0x00000000fad00000,0x00000000fad00000,0x00000000fd680000)
 ParOldGen       total 193024K, used 85850K [0x00000000e0000000, 0x00000000ebc80000, 0x00000000f5580000)
  object space 193024K, 44% used [0x00000000e0000000,0x00000000e53d69b0,0x00000000ebc80000)
 Metaspace       used 86225K, capacity 91904K, committed 92160K, reserved 1128448K
  class space    used 11718K, capacity 13002K, committed 13056K, reserved 1048576K
Event: 68.941 GC heap after
Heap after GC invocations=24 (full 3):
 PSYoungGen      total 131072K, used 41275K [0x00000000f5580000, 0x0000000100000000, 0x0000000100000000)
  eden space 89600K, 0% used [0x00000000f5580000,0x00000000f5580000,0x00000000fad00000)
  from space 41472K, 99% used [0x00000000fad00000,0x00000000fd54ed88,0x00000000fd580000)
  to   space 43520K, 0% used [0x00000000fd580000,0x00000000fd580000,0x0000000100000000)
 ParOldGen       total 193024K, used 86202K [0x00000000e0000000, 0x00000000ebc80000, 0x00000000f5580000)
  object space 193024K, 44% used [0x00000000e0000000,0x00000000e542ea90,0x00000000ebc80000)
 Metaspace       used 86225K, capacity 91904K, committed 92160K, reserved 1128448K
  class space    used 11718K, capacity 13002K, committed 13056K, reserved 1048576K
}
Event: 70.455 GC heap before
{Heap before GC invocations=25 (full 3):
 PSYoungGen      total 131072K, used 130875K [0x00000000f5580000, 0x0000000100000000, 0x0000000100000000)
  eden space 89600K, 100% used [0x00000000f5580000,0x00000000fad00000,0x00000000fad00000)
  from space 41472K, 99% used [0x00000000fad00000,0x00000000fd54ed88,0x00000000fd580000)
  to   space 43520K, 0% used [0x00000000fd580000,0x00000000fd580000,0x0000000100000000)
 ParOldGen       total 193024K, used 86202K [0x00000000e0000000, 0x00000000ebc80000, 0x00000000f5580000)
  object space 193024K, 44% used [0x00000000e0000000,0x00000000e542ea90,0x00000000ebc80000)
 Metaspace       used 87505K, capacity 93498K, committed 93568K, reserved 1130496K
  class space    used 11866K, capacity 13147K, committed 13184K, reserved 1048576K
Event: 70.534 GC heap after
Heap after GC invocations=25 (full 3):
 PSYoungGen      total 112640K, used 41472K [0x00000000f5580000, 0x0000000100000000, 0x0000000100000000)
  eden space 69120K, 0% used [0x00000000f5580000,0x00000000f5580000,0x00000000f9900000)
  from space 43520K, 95% used [0x00000000fd580000,0x00000000ffe00180,0x0000000100000000)
  to   space 52736K, 0% used [0x00000000f9900000,0x00000000f9900000,0x00000000fcc80000)
 ParOldGen       total 193024K, used 88433K [0x00000000e0000000, 0x00000000ebc80000, 0x00000000f5580000)
  object space 193024K, 45% used [0x00000000e0000000,0x00000000e565c720,0x00000000ebc80000)
 Metaspace       used 87505K, capacity 93498K, committed 93568K, reserved 1130496K
  class space    used 11866K, capacity 13147K, committed 13184K, reserved 1048576K
}
Event: 71.300 GC heap before
{Heap before GC invocations=26 (full 3):
 PSYoungGen      total 112640K, used 110555K [0x00000000f5580000, 0x0000000100000000, 0x0000000100000000)
  eden space 69120K, 99% used [0x00000000f5580000,0x00000000f98f6c30,0x00000000f9900000)
  from space 43520K, 95% used [0x00000000fd580000,0x00000000ffe00180,0x0000000100000000)
  to   space 52736K, 0% used [0x00000000f9900000,0x00000000f9900000,0x00000000fcc80000)
 ParOldGen       total 193024K, used 88433K [0x00000000e0000000, 0x00000000ebc80000, 0x00000000f5580000)
  object space 193024K, 45% used [0x00000000e0000000,0x00000000e565c720,0x00000000ebc80000)
 Metaspace       used 87632K, capacity 93562K, committed 93824K, reserved 1130496K
  class space    used 11866K, capacity 13147K, committed 13184K, reserved 1048576K
Event: 71.370 GC heap after
Heap after GC invocations=26 (full 3):
 PSYoungGen      total 121856K, used 22123K [0x00000000f5580000, 0x0000000100000000, 0x0000000100000000)
  eden space 69120K, 0% used [0x00000000f5580000,0x00000000f5580000,0x00000000f9900000)
  from space 52736K, 41% used [0x00000000f9900000,0x00000000fae9adb8,0x00000000fcc80000)
  to   space 50176K, 0% used [0x00000000fcf00000,0x00000000fcf00000,0x0000000100000000)
 ParOldGen       total 193024K, used 106901K [0x00000000e0000000, 0x00000000ebc80000, 0x00000000f5580000)
  object space 193024K, 55% used [0x00000000e0000000,0x00000000e68654c0,0x00000000ebc80000)
 Metaspace       used 87632K, capacity 93562K, committed 93824K, reserved 1130496K
  class space    used 11866K, capacity 13147K, committed 13184K, reserved 1048576K
}
Event: 80.834 GC heap before
{Heap before GC invocations=27 (full 3):
 PSYoungGen      total 121856K, used 91243K [0x00000000f5580000, 0x0000000100000000, 0x0000000100000000)
  eden space 69120K, 100% used [0x00000000f5580000,0x00000000f9900000,0x00000000f9900000)
  from space 52736K, 41% used [0x00000000f9900000,0x00000000fae9adb8,0x00000000fcc80000)
  to   space 50176K, 0% used [0x00000000fcf00000,0x00000000fcf00000,0x0000000100000000)
 ParOldGen       total 193024K, used 106901K [0x00000000e0000000, 0x00000000ebc80000, 0x00000000f5580000)
  object space 193024K, 55% used [0x00000000e0000000,0x00000000e68654c0,0x00000000ebc80000)
 Metaspace       used 87681K, capacity 93626K, committed 93824K, reserved 1130496K
  class space    used 11867K, capacity 13147K, committed 13184K, reserved 1048576K
Event: 80.846 GC heap after
Heap after GC invocations=27 (full 3):
 PSYoungGen      total 121344K, used 1315K [0x00000000f5580000, 0x0000000100000000, 0x0000000100000000)
  eden space 71168K, 0% used [0x00000000f5580000,0x00000000f5580000,0x00000000f9b00000)
  from space 50176K, 2% used [0x00000000fcf00000,0x00000000fd048dd8,0x0000000100000000)
  to   space 51712K, 0% used [0x00000000f9b00000,0x00000000f9b00000,0x00000000fcd80000)
 ParOldGen       total 193024K, used 112069K [0x00000000e0000000, 0x00000000ebc80000, 0x00000000f5580000)
  object space 193024K, 58% used [0x00000000e0000000,0x00000000e6d716b0,0x00000000ebc80000)
 Metaspace       used 87681K, capacity 93626K, committed 93824K, reserved 1130496K
  class space    used 11867K, capacity 13147K, committed 13184K, reserved 1048576K
}

